2024-11-26 19:22:25,331 - ERROR - Error during trading bot execution: fetch_tweets_sentiment() missing 1 required positional argument: 'tickers'
2024-11-26 19:22:43,653 - ERROR - Error during trading bot execution: fetch_tweets_sentiment() missing 1 required positional argument: 'tickers'
2024-11-26 19:42:48,621 - ERROR - 
2 Failed downloads:
2024-11-26 19:42:48,621 - ERROR - [' MSFT', ' NVDA']: YFTzMissingError('$%ticker%: possibly delisted; no timezone found')
2024-11-26 19:42:50,762 - ERROR - Error during trading bot execution: not enough values to unpack (expected 2, got 0)
2024-11-26 19:43:16,534 - ERROR - 
2 Failed downloads:
2024-11-26 19:43:16,534 - ERROR - [' MSFT', ' NVDA']: YFTzMissingError('$%ticker%: possibly delisted; no timezone found')
2024-11-26 19:43:18,499 - ERROR - Error during trading bot execution: not enough values to unpack (expected 2, got 0)
2024-11-26 19:58:35,071 - ERROR - 
1 Failed download:
2024-11-26 19:58:35,071 - ERROR - [' NVDA']: YFTzMissingError('$%ticker%: possibly delisted; no timezone found')
2024-11-26 19:58:37,073 - ERROR - Error during trading bot execution: not enough values to unpack (expected 2, got 0)
2024-11-26 20:14:47,971 - ERROR - Error fetching tweets for PeterSchiff: Error fetching tweets: {"message":"You are not subscribed to this API."}
2024-11-26 20:14:48,159 - ERROR - Error fetching tweets for GrahamStephan: Error fetching tweets: {"message":"Too many requests"}
2024-11-26 20:14:48,331 - ERROR - Error fetching tweets for LizAnnSonders: Error fetching tweets: {"message":"Too many requests"}
2024-11-26 20:15:09,336 - ERROR - Error during trading bot execution: '>' not supported between instances of 'dict' and 'float'
2024-11-26 20:20:21,788 - INFO - Starting the trading bot...
2024-11-26 20:20:21,788 - INFO - Fetching stock data...
2024-11-26 20:20:22,157 - INFO - Fetching crypto data...
2024-11-26 20:20:22,480 - ERROR - Error fetching crypto data for bitcoin: {'error': {'status': {'timestamp': '2024-11-26T12:20:22.400+00:00', 'error_code': 10012, 'error_message': 'Your request exceeds the allowed time range. Public API users are limited to querying historical data within the past 365 days. Upgrade to a paid plan to enjoy full historical data access: https://www.coingecko.com/en/api/pricing. '}}}
2024-11-26 20:20:22,767 - ERROR - Error fetching crypto data for ethereum: {'error': {'status': {'timestamp': '2024-11-26T12:20:22.694+00:00', 'error_code': 10012, 'error_message': 'Your request exceeds the allowed time range. Public API users are limited to querying historical data within the past 365 days. Upgrade to a paid plan to enjoy full historical data access: https://www.coingecko.com/en/api/pricing. '}}}
2024-11-26 20:20:23,032 - ERROR - Error fetching crypto data for dogecoin: {'error': {'status': {'timestamp': '2024-11-26T12:20:22.945+00:00', 'error_code': 10012, 'error_message': 'Your request exceeds the allowed time range. Public API users are limited to querying historical data within the past 365 days. Upgrade to a paid plan to enjoy full historical data access: https://www.coingecko.com/en/api/pricing. '}}}
2024-11-26 20:20:23,032 - INFO - An error occurred while running the bot: No cryptocurrency data fetched. Check tickers or date range.
2024-11-26 20:20:23,032 - ERROR - Error in trading bot: No cryptocurrency data fetched. Check tickers or date range.
2024-11-26 20:23:30,802 - INFO - Starting the trading bot...
2024-11-26 20:23:30,802 - INFO - Fetching stock data...
2024-11-26 20:23:31,192 - INFO - Fetching crypto data...
2024-11-26 20:23:31,193 - INFO - Fetching data for bitcoin from 1640966400.0 to 1672502400.0...
2024-11-26 20:23:31,534 - ERROR - Error fetching crypto data for bitcoin: {'error': {'status': {'timestamp': '2024-11-26T12:23:31.437+00:00', 'error_code': 10012, 'error_message': 'Your request exceeds the allowed time range. Public API users are limited to querying historical data within the past 365 days. Upgrade to a paid plan to enjoy full historical data access: https://www.coingecko.com/en/api/pricing. '}}}
2024-11-26 20:23:31,534 - INFO - Fetching data for ethereum from 1640966400.0 to 1672502400.0...
2024-11-26 20:23:31,818 - ERROR - Error fetching crypto data for ethereum: {'error': {'status': {'timestamp': '2024-11-26T12:23:31.709+00:00', 'error_code': 10012, 'error_message': 'Your request exceeds the allowed time range. Public API users are limited to querying historical data within the past 365 days. Upgrade to a paid plan to enjoy full historical data access: https://www.coingecko.com/en/api/pricing. '}}}
2024-11-26 20:23:31,818 - INFO - Fetching data for dogecoin from 1640966400.0 to 1672502400.0...
2024-11-26 20:23:32,192 - ERROR - Error fetching crypto data for dogecoin: {'error': {'status': {'timestamp': '2024-11-26T12:23:32.089+00:00', 'error_code': 10012, 'error_message': 'Your request exceeds the allowed time range. Public API users are limited to querying historical data within the past 365 days. Upgrade to a paid plan to enjoy full historical data access: https://www.coingecko.com/en/api/pricing. '}}}
2024-11-26 20:23:32,192 - INFO - An error occurred while running the bot: No cryptocurrency data fetched. Check tickers or date range.
2024-11-26 20:23:32,192 - ERROR - Error in trading bot: No cryptocurrency data fetched. Check tickers or date range.
2024-11-26 20:27:23,701 - INFO - Starting the trading bot...
2024-11-26 20:27:23,701 - INFO - Fetching stock data...
2024-11-26 20:27:24,081 - INFO - Fetching crypto data...
2024-11-26 20:27:24,081 - INFO - An error occurred while running the bot: fetch_crypto_data() got an unexpected keyword argument 'start'
2024-11-26 20:27:24,081 - ERROR - Error in trading bot: fetch_crypto_data() got an unexpected keyword argument 'start'
2024-11-26 20:28:53,533 - INFO - Starting the trading bot...
2024-11-26 20:28:53,533 - INFO - Fetching stock data...
2024-11-26 20:28:53,929 - INFO - Fetching crypto data...
2024-11-26 20:28:53,929 - INFO - Fetching list of supported cryptocurrencies from CoinGecko...
2024-11-26 20:28:54,078 - INFO - Fetching data for bitcoin from 1640966400.0 to 1672502400.0...
2024-11-26 20:28:54,321 - ERROR - Error fetching data for bitcoin: {'error': {'status': {'timestamp': '2024-11-26T12:28:54.248+00:00', 'error_code': 10012, 'error_message': 'Your request exceeds the allowed time range. Public API users are limited to querying historical data within the past 365 days. Upgrade to a paid plan to enjoy full historical data access: https://www.coingecko.com/en/api/pricing. '}}}
2024-11-26 20:28:54,321 - INFO - Fetching data for ethereum from 1640966400.0 to 1672502400.0...
2024-11-26 20:28:54,587 - ERROR - Error fetching data for ethereum: {'error': {'status': {'timestamp': '2024-11-26T12:28:54.503+00:00', 'error_code': 10012, 'error_message': 'Your request exceeds the allowed time range. Public API users are limited to querying historical data within the past 365 days. Upgrade to a paid plan to enjoy full historical data access: https://www.coingecko.com/en/api/pricing. '}}}
2024-11-26 20:28:54,587 - INFO - Fetching data for dogecoin from 1640966400.0 to 1672502400.0...
2024-11-26 20:28:54,851 - ERROR - Error fetching data for dogecoin: {'error': {'status': {'timestamp': '2024-11-26T12:28:54.761+00:00', 'error_code': 10012, 'error_message': 'Your request exceeds the allowed time range. Public API users are limited to querying historical data within the past 365 days. Upgrade to a paid plan to enjoy full historical data access: https://www.coingecko.com/en/api/pricing. '}}}
2024-11-26 20:28:54,851 - ERROR - An error occurred: No cryptocurrency data fetched. Check tickers or date range.
2024-11-26 20:28:54,851 - INFO - An error occurred while running the bot: No cryptocurrency data fetched. Check tickers or date range.
2024-11-26 20:28:54,851 - ERROR - Error in trading bot: No cryptocurrency data fetched. Check tickers or date range.
2024-11-26 20:30:11,116 - INFO - Starting the trading bot...
2024-11-26 20:30:11,116 - INFO - Fetching stock data...
2024-11-26 20:30:11,503 - INFO - Fetching crypto data...
2024-11-26 20:30:11,503 - INFO - Fetching list of supported cryptocurrencies from CoinGecko...
2024-11-26 20:30:11,606 - INFO - Fetching data for bitcoin from 1640966400.0 to 1672502400.0...
2024-11-26 20:30:11,849 - ERROR - Error fetching data for bitcoin: {'error': {'status': {'timestamp': '2024-11-26T12:30:11.776+00:00', 'error_code': 10012, 'error_message': 'Your request exceeds the allowed time range. Public API users are limited to querying historical data within the past 365 days. Upgrade to a paid plan to enjoy full historical data access: https://www.coingecko.com/en/api/pricing. '}}}
2024-11-26 20:30:11,849 - INFO - Fetching data for ethereum from 1640966400.0 to 1672502400.0...
2024-11-26 20:30:12,105 - ERROR - Error fetching data for ethereum: {'error': {'status': {'timestamp': '2024-11-26T12:30:12.024+00:00', 'error_code': 10012, 'error_message': 'Your request exceeds the allowed time range. Public API users are limited to querying historical data within the past 365 days. Upgrade to a paid plan to enjoy full historical data access: https://www.coingecko.com/en/api/pricing. '}}}
2024-11-26 20:30:12,105 - INFO - Fetching data for dogecoin from 1640966400.0 to 1672502400.0...
2024-11-26 20:30:12,369 - ERROR - Error fetching data for dogecoin: {'error': {'status': {'timestamp': '2024-11-26T12:30:12.288+00:00', 'error_code': 10012, 'error_message': 'Your request exceeds the allowed time range. Public API users are limited to querying historical data within the past 365 days. Upgrade to a paid plan to enjoy full historical data access: https://www.coingecko.com/en/api/pricing. '}}}
2024-11-26 20:30:12,369 - ERROR - An error occurred: No cryptocurrency data fetched. Check tickers or date range.
2024-11-26 20:30:12,369 - INFO - An error occurred while running the bot: No cryptocurrency data fetched. Check tickers or date range.
2024-11-26 20:30:12,369 - ERROR - Error in trading bot: No cryptocurrency data fetched. Check tickers or date range.
2024-11-26 21:15:55,616 - INFO - Fetching data for bitcoin from 2023-01-01 to 2023-12-31...
2024-11-26 21:15:55,915 - WARNING - No data returned for bitcoin. Skipping...
2024-11-26 21:15:55,915 - INFO - Fetching data for ethereum from 2023-01-01 to 2023-12-31...
2024-11-26 21:15:56,210 - WARNING - No data returned for ethereum. Skipping...
2024-11-26 21:15:56,210 - INFO - Fetching data for dogecoin from 2023-01-01 to 2023-12-31...
2024-11-26 21:15:56,528 - WARNING - No data returned for dogecoin. Skipping...
2024-11-26 21:15:56,529 - ERROR - An error occurred: No cryptocurrency data fetched. Check tickers or date range.
2024-11-26 21:15:56,529 - ERROR - Error running trading bot: No cryptocurrency data fetched. Check tickers or date range.
2024-11-26 21:26:05,629 - INFO - Fetching stock data for AAPL...
2024-11-26 21:26:06,057 - INFO - Fetching stock data for MSFT...
2024-11-26 21:26:06,178 - INFO - Fetching stock data for GOOG...
2024-11-26 21:26:06,255 - INFO - Fetching crypto data for bitcoin from 2023-01-01 to 2023-12-31...
2024-11-26 21:26:06,566 - WARNING - Failed to fetch data for bitcoin. Status code: 401
2024-11-26 21:26:06,566 - INFO - Fetching crypto data for ethereum from 2023-01-01 to 2023-12-31...
2024-11-26 21:26:06,947 - WARNING - Failed to fetch data for ethereum. Status code: 401
2024-11-26 21:26:06,947 - INFO - Fetching crypto data for dogecoin from 2023-01-01 to 2023-12-31...
2024-11-26 21:26:07,246 - WARNING - Failed to fetch data for dogecoin. Status code: 401
2024-11-26 21:26:07,246 - INFO - Fetching tweets for elonmusk...
2024-11-26 21:26:07,370 - INFO - Fetching tweets for cryptonews...
2024-11-26 21:26:07,370 - ERROR - Error running trading bot: 'bitcoin'
2024-11-26 21:31:28,897 - INFO - Fetching stock data for AAPL...
2024-11-26 21:31:29,315 - INFO - Fetching stock data for MSFT...
2024-11-26 21:31:29,425 - INFO - Fetching stock data for GOOG...
2024-11-26 21:31:29,543 - INFO - Fetching crypto data for bitcoin from 2023-01-01 to 2023-12-31...
2024-11-26 21:31:29,863 - WARNING - Failed to fetch data for bitcoin. Status code: 401
2024-11-26 21:31:29,863 - INFO - Fetching crypto data for ethereum from 2023-01-01 to 2023-12-31...
2024-11-26 21:31:30,161 - WARNING - Failed to fetch data for ethereum. Status code: 401
2024-11-26 21:31:30,161 - INFO - Fetching crypto data for dogecoin from 2023-01-01 to 2023-12-31...
2024-11-26 21:31:30,480 - WARNING - Failed to fetch data for dogecoin. Status code: 401
2024-11-26 21:31:30,480 - INFO - Fetching tweets for elonmusk...
2024-11-26 21:31:30,584 - INFO - Fetching tweets for cryptonews...
2024-11-26 21:31:30,584 - ERROR - Error running trading bot: 'bitcoin'
2024-11-26 21:37:13,336 - INFO - Fetching stock data for AAPL...
2024-11-26 21:37:14,633 - INFO - Fetching stock data for MSFT...
2024-11-26 21:37:14,763 - INFO - Fetching stock data for GOOG...
2024-11-26 21:37:14,848 - INFO - Fetching crypto data for bitcoin from 2023-01-01 to 2023-12-31...
2024-11-26 21:37:15,275 - WARNING - No price data found for bitcoin.
2024-11-26 21:37:15,275 - INFO - Fetching crypto data for ethereum from 2023-01-01 to 2023-12-31...
2024-11-26 21:37:15,619 - WARNING - No price data found for ethereum.
2024-11-26 21:37:15,619 - INFO - Fetching crypto data for dogecoin from 2023-01-01 to 2023-12-31...
2024-11-26 21:37:15,962 - WARNING - No price data found for dogecoin.
2024-11-26 21:37:15,962 - INFO - Fetching tweets for elonmusk...
2024-11-26 21:37:16,077 - INFO - Fetching tweets for cryptonews...
2024-11-26 21:37:16,078 - ERROR - Error running trading bot: 'bitcoin'
2024-11-26 21:43:14,596 - INFO - Fetching stock data for AAPL...
2024-11-26 21:43:14,971 - INFO - Fetching stock data for MSFT...
2024-11-26 21:43:15,117 - INFO - Fetching stock data for GOOG...
2024-11-26 21:43:15,381 - INFO - Fetching crypto data for bitcoin from 2023-01-01 to 2023-12-31...
2024-11-26 21:43:15,679 - WARNING - Failed to fetch data for bitcoin. Status code: 401
2024-11-26 21:43:15,679 - WARNING - No price data found for bitcoin in the entire range.
2024-11-26 21:43:15,679 - INFO - Fetching crypto data for ethereum from 2023-01-01 to 2023-12-31...
2024-11-26 21:43:16,019 - WARNING - Failed to fetch data for ethereum. Status code: 401
2024-11-26 21:43:16,019 - WARNING - No price data found for ethereum in the entire range.
2024-11-26 21:43:16,019 - INFO - Fetching crypto data for dogecoin from 2023-01-01 to 2023-12-31...
2024-11-26 21:43:16,369 - WARNING - Failed to fetch data for dogecoin. Status code: 401
2024-11-26 21:43:16,370 - WARNING - No price data found for dogecoin in the entire range.
2024-11-26 21:43:16,371 - INFO - Fetching tweets for elonmusk...
2024-11-26 21:43:16,395 - INFO - Fetching tweets for cryptonews...
2024-11-26 21:43:16,396 - ERROR - Error running trading bot: 'bitcoin'
2024-11-26 21:53:53,049 - INFO - Fetching stock data for AAPL...
2024-11-26 21:53:53,453 - INFO - Fetching stock data for MSFT...
2024-11-26 21:53:53,590 - INFO - Fetching stock data for GOOG...
2024-11-26 21:53:54,291 - INFO - Fetching crypto data for bitcoin from 2023-01-01 to 2023-12-31...
2024-11-26 21:53:54,611 - WARNING - Failed to fetch data for bitcoin. Status code: 401
2024-11-26 21:53:54,611 - WARNING - No price data found for bitcoin in the entire range.
2024-11-26 21:53:54,611 - INFO - Fetching crypto data for ethereum from 2023-01-01 to 2023-12-31...
2024-11-26 21:53:54,986 - WARNING - Failed to fetch data for ethereum. Status code: 401
2024-11-26 21:53:54,986 - WARNING - No price data found for ethereum in the entire range.
2024-11-26 21:53:54,986 - INFO - Fetching crypto data for dogecoin from 2023-01-01 to 2023-12-31...
2024-11-26 21:53:55,303 - WARNING - Failed to fetch data for dogecoin. Status code: 401
2024-11-26 21:53:55,303 - WARNING - No price data found for dogecoin in the entire range.
2024-11-26 21:53:55,303 - INFO - Fetching tweets for elonmusk...
2024-11-26 21:53:55,334 - INFO - Fetching tweets for cryptonews...
2024-11-26 21:53:55,334 - ERROR - Error running trading bot: 'bitcoin'
2024-11-26 21:59:32,601 - INFO - Fetching stock data for AAPL...
2024-11-26 21:59:32,986 - INFO - Fetching stock data for MSFT...
2024-11-26 21:59:33,115 - INFO - Fetching stock data for GOOG...
2024-11-26 21:59:33,550 - INFO - Fetching crypto data for bitcoin from 2023-01-01 to 2023-12-31...
2024-11-26 21:59:38,882 - WARNING - Failed to fetch data for bitcoin. Status code: 401
2024-11-26 21:59:38,882 - WARNING - No price data found for bitcoin in the entire range.
2024-11-26 21:59:38,882 - INFO - Fetching crypto data for ethereum from 2023-01-01 to 2023-12-31...
2024-11-26 21:59:44,212 - WARNING - Failed to fetch data for ethereum. Status code: 401
2024-11-26 21:59:44,212 - WARNING - No price data found for ethereum in the entire range.
2024-11-26 21:59:44,212 - INFO - Fetching crypto data for dogecoin from 2023-01-01 to 2023-12-31...
2024-11-26 21:59:49,510 - WARNING - Failed to fetch data for dogecoin. Status code: 401
2024-11-26 21:59:49,510 - WARNING - No price data found for dogecoin in the entire range.
2024-11-26 21:59:49,510 - INFO - Fetching tweets for elonmusk...
2024-11-26 21:59:49,526 - INFO - Fetching tweets for cryptonews...
2024-11-26 21:59:49,526 - ERROR - Error running trading bot: 'bitcoin'
2024-11-26 22:04:28,766 - INFO - Fetching crypto data for bitcoin from 2023-01-01 to 2023-12-31...
2024-11-26 22:04:30,101 - WARNING - Failed to fetch data for bitcoin. Status code: 400
2024-11-26 22:04:30,101 - WARNING - No price data found for bitcoin in the entire range.
2024-11-26 22:04:30,101 - INFO - Fetching crypto data for ethereum from 2023-01-01 to 2023-12-31...
2024-11-26 22:04:31,409 - WARNING - Failed to fetch data for ethereum. Status code: 400
2024-11-26 22:04:31,409 - WARNING - No price data found for ethereum in the entire range.
2024-11-26 22:04:31,409 - INFO - Fetching crypto data for dogecoin from 2023-01-01 to 2023-12-31...
2024-11-26 22:04:32,758 - WARNING - Failed to fetch data for dogecoin. Status code: 400
2024-11-26 22:04:32,758 - WARNING - No price data found for dogecoin in the entire range.
2024-11-26 22:04:35,259 - INFO - Fetching stock data for AAPL...
2024-11-26 22:04:35,634 - INFO - Fetching stock data for MSFT...
2024-11-26 22:04:35,740 - INFO - Fetching stock data for GOOG...
2024-11-26 22:04:35,902 - INFO - Fetching crypto data for bitcoin from 2023-01-01 to 2023-12-31...
2024-11-26 22:04:36,948 - WARNING - Failed to fetch data for bitcoin. Status code: 429
2024-11-26 22:04:36,948 - WARNING - No price data found for bitcoin in the entire range.
2024-11-26 22:04:36,948 - INFO - Fetching crypto data for ethereum from 2023-01-01 to 2023-12-31...
2024-11-26 22:04:37,998 - WARNING - Failed to fetch data for ethereum. Status code: 429
2024-11-26 22:04:37,998 - WARNING - No price data found for ethereum in the entire range.
2024-11-26 22:04:37,998 - INFO - Fetching crypto data for dogecoin from 2023-01-01 to 2023-12-31...
2024-11-26 22:04:39,060 - WARNING - Failed to fetch data for dogecoin. Status code: 429
2024-11-26 22:04:39,060 - WARNING - No price data found for dogecoin in the entire range.
2024-11-26 22:04:39,060 - INFO - Fetching tweets for elonmusk...
2024-11-26 22:04:39,091 - INFO - Fetching tweets for cryptonews...
2024-11-26 22:04:39,091 - ERROR - Error running trading bot: 'bitcoin'
2024-11-26 22:04:48,196 - ERROR - Failed to fetch valid crypto IDs. Status code: 429
2024-11-26 22:04:48,196 - WARNING - Invalid ticker: bitcoin. Skipping...
2024-11-26 22:04:48,196 - WARNING - Invalid ticker: ethereum. Skipping...
2024-11-26 22:04:48,196 - WARNING - Invalid ticker: dogecoin. Skipping...
2024-11-26 22:06:29,652 - INFO - Fetching crypto data for bitcoin from 2023-01-01 to 2023-12-31...
2024-11-26 22:06:30,966 - WARNING - Failed to fetch data for bitcoin. Status code: 400
2024-11-26 22:06:30,966 - WARNING - No price data found for bitcoin in the entire range.
2024-11-26 22:06:30,966 - INFO - Fetching crypto data for ethereum from 2023-01-01 to 2023-12-31...
2024-11-26 22:06:32,259 - WARNING - Failed to fetch data for ethereum. Status code: 400
2024-11-26 22:06:32,259 - WARNING - No price data found for ethereum in the entire range.
2024-11-26 22:06:32,259 - INFO - Fetching crypto data for dogecoin from 2023-01-01 to 2023-12-31...
2024-11-26 22:06:33,596 - WARNING - Failed to fetch data for dogecoin. Status code: 400
2024-11-26 22:06:33,596 - WARNING - No price data found for dogecoin in the entire range.
2024-11-26 22:06:35,453 - INFO - Fetching stock data for AAPL...
2024-11-26 22:06:35,765 - INFO - Fetching stock data for MSFT...
2024-11-26 22:06:35,903 - INFO - Fetching stock data for GOOG...
2024-11-26 22:06:36,137 - INFO - Fetching crypto data for bitcoin from 2023-01-01 to 2023-12-31...
2024-11-26 22:06:37,181 - WARNING - Failed to fetch data for bitcoin. Status code: 429
2024-11-26 22:06:37,181 - WARNING - No price data found for bitcoin in the entire range.
2024-11-26 22:06:37,181 - INFO - Fetching crypto data for ethereum from 2023-01-01 to 2023-12-31...
2024-11-26 22:06:38,238 - WARNING - Failed to fetch data for ethereum. Status code: 429
2024-11-26 22:06:38,238 - WARNING - No price data found for ethereum in the entire range.
2024-11-26 22:06:38,238 - INFO - Fetching crypto data for dogecoin from 2023-01-01 to 2023-12-31...
2024-11-26 22:06:39,301 - WARNING - Failed to fetch data for dogecoin. Status code: 429
2024-11-26 22:06:39,301 - WARNING - No price data found for dogecoin in the entire range.
2024-11-26 22:06:39,301 - INFO - Fetching tweets for elonmusk...
2024-11-26 22:06:39,317 - INFO - Fetching tweets for cryptonews...
2024-11-26 22:06:39,317 - ERROR - Error running trading bot: 'bitcoin'
2024-11-26 22:09:23,420 - INFO - Fetching crypto data for bitcoin from 2023-01-01 to 2023-12-31...
2024-11-26 22:09:23,701 - WARNING - Failed to fetch data for bitcoin. Status code: N/A
2024-11-26 22:09:23,701 - WARNING - No price data found for bitcoin in the entire range.
2024-11-26 22:09:23,701 - INFO - Fetching crypto data for ethereum from 2023-01-01 to 2023-12-31...
2024-11-26 22:09:23,995 - WARNING - Failed to fetch data for ethereum. Status code: N/A
2024-11-26 22:09:23,995 - WARNING - No price data found for ethereum in the entire range.
2024-11-26 22:09:23,995 - INFO - Fetching crypto data for dogecoin from 2023-01-01 to 2023-12-31...
2024-11-26 22:09:24,444 - WARNING - Failed to fetch data for dogecoin. Status code: N/A
2024-11-26 22:09:24,444 - WARNING - No price data found for dogecoin in the entire range.
2024-11-26 22:09:26,563 - INFO - Fetching stock data for AAPL...
2024-11-26 22:09:26,930 - INFO - Fetching stock data for MSFT...
2024-11-26 22:09:27,031 - INFO - Fetching stock data for GOOG...
2024-11-26 22:09:27,231 - INFO - Fetching crypto data for bitcoin from 2023-01-01 to 2023-12-31...
2024-11-26 22:09:27,278 - WARNING - Rate limit exceeded. Retrying in 1 seconds...
2024-11-26 22:09:28,336 - WARNING - Rate limit exceeded. Retrying in 2 seconds...
2024-11-26 22:09:30,389 - WARNING - Rate limit exceeded. Retrying in 4 seconds...
2024-11-26 22:09:34,446 - WARNING - Rate limit exceeded. Retrying in 8 seconds...
2024-11-26 22:09:42,525 - WARNING - Rate limit exceeded. Retrying in 16 seconds...
2024-11-26 22:09:58,540 - ERROR - Failed after 5 retries.
2024-11-26 22:09:58,540 - WARNING - Failed to fetch data for bitcoin. Status code: N/A
2024-11-26 22:09:58,540 - WARNING - No price data found for bitcoin in the entire range.
2024-11-26 22:09:58,540 - INFO - Fetching crypto data for ethereum from 2023-01-01 to 2023-12-31...
2024-11-26 22:09:58,602 - WARNING - Rate limit exceeded. Retrying in 1 seconds...
2024-11-26 22:09:59,649 - WARNING - Rate limit exceeded. Retrying in 2 seconds...
2024-11-26 22:10:01,761 - WARNING - Rate limit exceeded. Retrying in 4 seconds...
2024-11-26 22:10:05,822 - WARNING - Rate limit exceeded. Retrying in 8 seconds...
2024-11-26 22:10:13,884 - WARNING - Rate limit exceeded. Retrying in 16 seconds...
2024-11-26 22:10:29,884 - ERROR - Failed after 5 retries.
2024-11-26 22:10:29,884 - WARNING - Failed to fetch data for ethereum. Status code: N/A
2024-11-26 22:10:29,884 - WARNING - No price data found for ethereum in the entire range.
2024-11-26 22:10:29,884 - INFO - Fetching crypto data for dogecoin from 2023-01-01 to 2023-12-31...
2024-11-26 22:10:30,198 - WARNING - Failed to fetch data for dogecoin. Status code: N/A
2024-11-26 22:10:30,198 - WARNING - No price data found for dogecoin in the entire range.
2024-11-26 22:10:30,198 - INFO - Fetching tweets for elonmusk...
2024-11-26 22:10:30,229 - INFO - Fetching tweets for cryptonews...
2024-11-26 22:10:30,229 - ERROR - Error running trading bot: 'bitcoin'
2024-11-26 22:12:15,005 - INFO - Fetching stock data for AAPL...
2024-11-26 22:12:15,348 - INFO - Fetching stock data for MSFT...
2024-11-26 22:12:15,450 - INFO - Fetching stock data for GOOG...
2024-11-26 22:12:15,649 - INFO - Fetching crypto data for bitcoin from 2023-01-01 to 2023-12-31...
2024-11-26 22:12:15,994 - WARNING - Failed to fetch data for bitcoin. Status code: N/A
2024-11-26 22:12:15,995 - INFO - Fetching crypto data for ethereum from 2023-01-01 to 2023-12-31...
2024-11-26 22:12:16,307 - WARNING - Failed to fetch data for ethereum. Status code: N/A
2024-11-26 22:12:16,307 - INFO - Fetching crypto data for dogecoin from 2023-01-01 to 2023-12-31...
2024-11-26 22:12:16,618 - WARNING - Failed to fetch data for dogecoin. Status code: N/A
2024-11-26 22:12:16,619 - INFO - Fetching tweets for elonmusk...
2024-11-26 22:12:16,643 - INFO - Fetching tweets for cryptonews...
2024-11-26 22:12:16,644 - ERROR - Error running trading bot: 'bitcoin'
2024-11-26 22:15:14,354 - INFO - Fetching stock data for AAPL...
2024-11-26 22:15:14,760 - INFO - Fetching stock data for MSFT...
2024-11-26 22:15:14,883 - INFO - Fetching stock data for GOOG...
2024-11-26 22:15:15,089 - INFO - Fetching crypto data for bitcoin from 2023-01-01 to 2023-12-31...
2024-11-26 22:15:15,382 - WARNING - Failed to fetch data for bitcoin. Status code: N/A
2024-11-26 22:15:15,382 - INFO - Fetching crypto data for ethereum from 2023-01-01 to 2023-12-31...
2024-11-26 22:15:15,681 - WARNING - Failed to fetch data for ethereum. Status code: N/A
2024-11-26 22:15:15,681 - INFO - Fetching crypto data for dogecoin from 2023-01-01 to 2023-12-31...
2024-11-26 22:15:16,017 - WARNING - Failed to fetch data for dogecoin. Status code: N/A
2024-11-26 22:15:16,018 - INFO - Fetching tweets for elonmusk...
2024-11-26 22:15:16,043 - INFO - Fetching tweets for cryptonews...
2024-11-26 22:15:16,043 - ERROR - Error running trading bot: 'bitcoin'
2024-11-26 22:16:53,423 - INFO - Fetching stock data for AAPL...
2024-11-26 22:16:53,830 - INFO - Fetching stock data for MSFT...
2024-11-26 22:16:53,978 - INFO - Fetching stock data for GOOG...
2024-11-26 22:16:54,159 - INFO - Fetching crypto data for bitcoin from 2023-01-01 to 2023-12-31...
2024-11-26 22:16:54,503 - WARNING - Failed to fetch data for bitcoin. Status code: N/A
2024-11-26 22:16:54,503 - INFO - Fetching crypto data for ethereum from 2023-01-01 to 2023-12-31...
2024-11-26 22:16:54,810 - WARNING - Failed to fetch data for ethereum. Status code: N/A
2024-11-26 22:16:54,810 - INFO - Fetching crypto data for dogecoin from 2023-01-01 to 2023-12-31...
2024-11-26 22:16:55,520 - WARNING - Failed to fetch data for dogecoin. Status code: N/A
2024-11-26 22:16:55,520 - INFO - Fetching tweets for elonmusk...
2024-11-26 22:16:55,551 - INFO - Fetching tweets for cryptonews...
2024-11-26 22:16:55,551 - ERROR - Error running trading bot: 'bitcoin'
2024-11-26 22:22:20,285 - INFO - Fetching stock data for AAPL...
2024-11-26 22:22:20,644 - INFO - Fetching stock data for MSFT...
2024-11-26 22:22:20,746 - INFO - Fetching stock data for GOOG...
2024-11-26 22:22:20,901 - INFO - Fetching crypto data for bitcoin from 2023-01-01 to 2023-12-31...
2024-11-26 22:22:21,259 - WARNING - Failed to fetch data for bitcoin. Status code: N/A
2024-11-26 22:22:21,260 - INFO - Fetching crypto data for ethereum from 2023-01-01 to 2023-12-31...
2024-11-26 22:22:21,654 - WARNING - Failed to fetch data for ethereum. Status code: N/A
2024-11-26 22:22:21,654 - INFO - Fetching crypto data for dogecoin from 2023-01-01 to 2023-12-31...
2024-11-26 22:22:22,254 - WARNING - Failed to fetch data for dogecoin. Status code: N/A
2024-11-26 22:22:22,254 - INFO - Fetching tweets for elonmusk...
2024-11-26 22:22:22,285 - INFO - Fetching tweets for cryptonews...
2024-11-26 22:22:22,285 - ERROR - Error running trading bot: 'bitcoin'
2024-11-26 22:25:15,785 - INFO - Fetching stock data for AAPL...
2024-11-26 22:25:16,163 - INFO - Fetching stock data for MSFT...
2024-11-26 22:25:16,289 - INFO - Fetching stock data for GOOG...
2024-11-26 22:25:16,510 - INFO - Fetching crypto data for bitcoin from 2024-01-01 to 2024-03-29...
2024-11-26 22:25:19,917 - INFO - Fetching crypto data for ethereum from 2024-01-01 to 2024-03-29...
2024-11-26 22:25:23,448 - INFO - Fetching crypto data for dogecoin from 2024-01-01 to 2024-03-29...
2024-11-26 22:25:26,656 - INFO - Fetching tweets for elonmusk...
2024-11-26 22:25:26,747 - INFO - Fetching tweets for cryptonews...
2024-11-26 22:26:26,853 - INFO - Trading bot completed successfully!
